{"/Users/lujunsheng/myOwnX/upload-image/src/selectImageMiddleware.ts": {"path":"/Users/lujunsheng/myOwnX/upload-image/src/selectImageMiddleware.ts","statementMap":{"0":{"start":{"line":5,"column":4},"end":{"line":5,"column":19}},"1":{"start":{"line":4,"column":21},"end":{"line":4,"column":36}},"2":{"start":{"line":4,"column":45},"end":{"line":4,"column":53}},"3":{"start":{"line":3,"column":0},"end":{"line":3,"column":13}},"4":{"start":{"line":30,"column":4},"end":{"line":154,"column":6}},"5":{"start":{"line":30,"column":35},"end":{"line":154,"column":6}},"6":{"start":{"line":32,"column":6},"end":{"line":142,"column":8}},"7":{"start":{"line":35,"column":12},"end":{"line":140,"column":14}},"8":{"start":{"line":37,"column":14},"end":{"line":139,"column":null}},"9":{"start":{"line":38,"column":16},"end":{"line":38,"column":30}},"10":{"start":{"line":40,"column":59},"end":{"line":40,"column":66}},"11":{"start":{"line":42,"column":16},"end":{"line":55,"column":null}},"12":{"start":{"line":43,"column":35},"end":{"line":43,"column":58}},"13":{"start":{"line":44,"column":18},"end":{"line":54,"column":null}},"14":{"start":{"line":45,"column":20},"end":{"line":53,"column":22}},"15":{"start":{"line":56,"column":16},"end":{"line":138,"column":null}},"16":{"start":{"line":57,"column":33},"end":{"line":57,"column":49}},"17":{"start":{"line":59,"column":18},"end":{"line":59,"column":45}},"18":{"start":{"line":60,"column":18},"end":{"line":133,"column":20}},"19":{"start":{"line":61,"column":20},"end":{"line":132,"column":null}},"20":{"start":{"line":62,"column":22},"end":{"line":62,"column":61}},"21":{"start":{"line":63,"column":27},"end":{"line":132,"column":null}},"22":{"start":{"line":64,"column":36},"end":{"line":64,"column":47}},"23":{"start":{"line":66,"column":22},"end":{"line":66,"column":60}},"24":{"start":{"line":68,"column":22},"end":{"line":125,"column":24}},"25":{"start":{"line":69,"column":35},"end":{"line":69,"column":46}},"26":{"start":{"line":70,"column":35},"end":{"line":70,"column":47}},"27":{"start":{"line":71,"column":24},"end":{"line":87,"column":null}},"28":{"start":{"line":72,"column":26},"end":{"line":86,"column":null}},"29":{"start":{"line":73,"column":28},"end":{"line":81,"column":30}},"30":{"start":{"line":88,"column":24},"end":{"line":104,"column":null}},"31":{"start":{"line":89,"column":26},"end":{"line":103,"column":null}},"32":{"start":{"line":90,"column":28},"end":{"line":98,"column":30}},"33":{"start":{"line":106,"column":24},"end":{"line":122,"column":null}},"34":{"start":{"line":107,"column":26},"end":{"line":121,"column":null}},"35":{"start":{"line":108,"column":28},"end":{"line":116,"column":30}},"36":{"start":{"line":124,"column":24},"end":{"line":124,"column":38}},"37":{"start":{"line":126,"column":22},"end":{"line":129,"column":24}},"38":{"start":{"line":127,"column":24},"end":{"line":127,"column":55}},"39":{"start":{"line":128,"column":24},"end":{"line":128,"column":38}},"40":{"start":{"line":131,"column":22},"end":{"line":131,"column":53}},"41":{"start":{"line":135,"column":18},"end":{"line":135,"column":47}},"42":{"start":{"line":137,"column":18},"end":{"line":137,"column":32}},"43":{"start":{"line":153,"column":6},"end":{"line":153,"column":19}},"44":{"start":{"line":25,"column":0},"end":{"line":25,"column":13}}},"fnMap":{"0":{"name":"(anonymous_0)","decl":{"start":{"line":4,"column":2},"end":{"line":4,"column":21}},"loc":{"start":{"line":4,"column":53},"end":{"line":6,"column":3}}},"1":{"name":"(anonymous_1)","decl":{"start":{"line":29,"column":2},"end":{"line":29,"column":8}},"loc":{"start":{"line":29,"column":37},"end":{"line":155,"column":3}}},"2":{"name":"(anonymous_2)","decl":{"start":{"line":30,"column":11},"end":{"line":30,"column":18}},"loc":{"start":{"line":30,"column":35},"end":{"line":154,"column":6}}},"3":{"name":"(anonymous_3)","decl":{"start":{"line":30,"column":35},"end":{"line":30,"column":null}},"loc":{"start":{"line":30,"column":35},"end":{"line":154,"column":5}}},"4":{"name":"(anonymous_4)","decl":{"start":{"line":34,"column":10},"end":{"line":34,"column":11}},"loc":{"start":{"line":35,"column":12},"end":{"line":140,"column":14}}},"5":{"name":"(anonymous_5)","decl":{"start":{"line":35,"column":24},"end":{"line":35,"column":25}},"loc":{"start":{"line":35,"column":44},"end":{"line":140,"column":13}}},"6":{"name":"(anonymous_6)","decl":{"start":{"line":60,"column":34},"end":{"line":60,"column":35}},"loc":{"start":{"line":60,"column":40},"end":{"line":133,"column":19}}},"7":{"name":"(anonymous_7)","decl":{"start":{"line":68,"column":37},"end":{"line":68,"column":40}},"loc":{"start":{"line":68,"column":42},"end":{"line":125,"column":23}}},"8":{"name":"(anonymous_8)","decl":{"start":{"line":126,"column":38},"end":{"line":126,"column":39}},"loc":{"start":{"line":126,"column":48},"end":{"line":129,"column":23}}}},"branchMap":{"0":{"loc":{"start":{"line":37,"column":14},"end":{"line":139,"column":null}},"type":"if","locations":[{"start":{"line":37,"column":14},"end":{"line":139,"column":null}},{"start":{"line":39,"column":21},"end":{"line":139,"column":null}}]},"1":{"loc":{"start":{"line":42,"column":16},"end":{"line":55,"column":null}},"type":"if","locations":[{"start":{"line":42,"column":16},"end":{"line":55,"column":null}}]},"2":{"loc":{"start":{"line":44,"column":18},"end":{"line":54,"column":null}},"type":"if","locations":[{"start":{"line":44,"column":18},"end":{"line":54,"column":null}}]},"3":{"loc":{"start":{"line":56,"column":16},"end":{"line":138,"column":null}},"type":"if","locations":[{"start":{"line":56,"column":16},"end":{"line":138,"column":null}},{"start":{"line":134,"column":23},"end":{"line":138,"column":null}}]},"4":{"loc":{"start":{"line":56,"column":20},"end":{"line":56,"column":43}},"type":"binary-expr","locations":[{"start":{"line":56,"column":20},"end":{"line":56,"column":25}},{"start":{"line":56,"column":29},"end":{"line":56,"column":35}},{"start":{"line":56,"column":39},"end":{"line":56,"column":43}}]},"5":{"loc":{"start":{"line":61,"column":20},"end":{"line":132,"column":null}},"type":"if","locations":[{"start":{"line":61,"column":20},"end":{"line":132,"column":null}},{"start":{"line":63,"column":27},"end":{"line":132,"column":null}}]},"6":{"loc":{"start":{"line":63,"column":27},"end":{"line":132,"column":null}},"type":"if","locations":[{"start":{"line":63,"column":27},"end":{"line":132,"column":null}},{"start":{"line":130,"column":27},"end":{"line":132,"column":null}}]},"7":{"loc":{"start":{"line":71,"column":24},"end":{"line":87,"column":null}},"type":"if","locations":[{"start":{"line":71,"column":24},"end":{"line":87,"column":null}}]},"8":{"loc":{"start":{"line":72,"column":26},"end":{"line":86,"column":null}},"type":"if","locations":[{"start":{"line":72,"column":26},"end":{"line":86,"column":null}}]},"9":{"loc":{"start":{"line":88,"column":24},"end":{"line":104,"column":null}},"type":"if","locations":[{"start":{"line":88,"column":24},"end":{"line":104,"column":null}}]},"10":{"loc":{"start":{"line":89,"column":26},"end":{"line":103,"column":null}},"type":"if","locations":[{"start":{"line":89,"column":26},"end":{"line":103,"column":null}}]},"11":{"loc":{"start":{"line":106,"column":24},"end":{"line":122,"column":null}},"type":"if","locations":[{"start":{"line":106,"column":24},"end":{"line":122,"column":null}}]},"12":{"loc":{"start":{"line":107,"column":26},"end":{"line":121,"column":null}},"type":"if","locations":[{"start":{"line":107,"column":26},"end":{"line":121,"column":null}}]}},"s":{"0":1,"1":1,"2":1,"3":1,"4":2,"5":2,"6":2,"7":2,"8":2,"9":0,"10":2,"11":2,"12":2,"13":2,"14":1,"15":2,"16":0,"17":0,"18":0,"19":0,"20":0,"21":0,"22":0,"23":0,"24":0,"25":0,"26":0,"27":0,"28":0,"29":0,"30":0,"31":0,"32":0,"33":0,"34":0,"35":0,"36":0,"37":0,"38":0,"39":0,"40":0,"41":2,"42":2,"43":1,"44":1},"f":{"0":1,"1":2,"2":2,"3":2,"4":2,"5":2,"6":0,"7":0,"8":0},"b":{"0":[0,2],"1":[2],"2":[1],"3":[0,2],"4":[2,2,2],"5":[0,0],"6":[0,0],"7":[0],"8":[0],"9":[0],"10":[0],"11":[0],"12":[0]}}
}
