{"/Users/lujunsheng/myOwnX/uploadImage/src/help.ts": {"path":"/Users/lujunsheng/myOwnX/uploadImage/src/help.ts","statementMap":{"0":{"start":{"line":2,"column":0},"end":{"line":2,"column":62}},"1":{"start":{"line":3,"column":0},"end":{"line":3,"column":198}},"2":{"start":{"line":4,"column":16},"end":{"line":4,"column":32}},"3":{"start":{"line":6,"column":16},"end":{"line":6,"column":62}},"4":{"start":{"line":9,"column":8},"end":{"line":9,"column":52}},"5":{"start":{"line":11,"column":4},"end":{"line":11,"column":90}},"6":{"start":{"line":13,"column":0},"end":{"line":13,"column":28}},"7":{"start":{"line":19,"column":4},"end":{"line":19,"column":34}},"8":{"start":{"line":21,"column":0},"end":{"line":21,"column":52}},"9":{"start":{"line":27,"column":16},"end":{"line":27,"column":67}},"10":{"start":{"line":28,"column":4},"end":{"line":28,"column":15}},"11":{"start":{"line":30,"column":0},"end":{"line":30,"column":36}},"12":{"start":{"line":37,"column":16},"end":{"line":37,"column":60}},"13":{"start":{"line":38,"column":17},"end":{"line":38,"column":27}},"14":{"start":{"line":39,"column":4},"end":{"line":39,"column":34}},"15":{"start":{"line":41,"column":0},"end":{"line":41,"column":40}},"16":{"start":{"line":43,"column":16},"end":{"line":43,"column":40}},"17":{"start":{"line":44,"column":4},"end":{"line":44,"column":31}},"18":{"start":{"line":46,"column":0},"end":{"line":46,"column":56}},"19":{"start":{"line":48,"column":16},"end":{"line":48,"column":35}},"20":{"start":{"line":49,"column":4},"end":{"line":49,"column":31}},"21":{"start":{"line":51,"column":0},"end":{"line":51,"column":62}},"22":{"start":{"line":58,"column":17},"end":{"line":58,"column":32}},"23":{"start":{"line":59,"column":4},"end":{"line":59,"column":33}},"24":{"start":{"line":61,"column":0},"end":{"line":61,"column":38}}},"fnMap":{"0":{"name":"uniqueID","decl":{"start":{"line":7,"column":9},"end":{"line":7,"column":17}},"loc":{"start":{"line":7,"column":20},"end":{"line":12,"column":1}},"line":7},"1":{"name":"chr4","decl":{"start":{"line":8,"column":13},"end":{"line":8,"column":17}},"loc":{"start":{"line":8,"column":20},"end":{"line":10,"column":5}},"line":8},"2":{"name":"getFileExtByFileType","decl":{"start":{"line":18,"column":9},"end":{"line":18,"column":29}},"loc":{"start":{"line":18,"column":40},"end":{"line":20,"column":1}},"line":18},"3":{"name":"getBase64Ext","decl":{"start":{"line":26,"column":9},"end":{"line":26,"column":21}},"loc":{"start":{"line":26,"column":30},"end":{"line":29,"column":1}},"line":26},"4":{"name":"formatFilename","decl":{"start":{"line":36,"column":9},"end":{"line":36,"column":23}},"loc":{"start":{"line":36,"column":29},"end":{"line":40,"column":1}},"line":36},"5":{"name":"formatFilenameWithFile","decl":{"start":{"line":42,"column":9},"end":{"line":42,"column":31}},"loc":{"start":{"line":42,"column":38},"end":{"line":45,"column":1}},"line":42},"6":{"name":"formatFilenameWithImgPath","decl":{"start":{"line":47,"column":9},"end":{"line":47,"column":34}},"loc":{"start":{"line":47,"column":41},"end":{"line":50,"column":1}},"line":47},"7":{"name":"extBySpiltDot","decl":{"start":{"line":57,"column":9},"end":{"line":57,"column":22}},"loc":{"start":{"line":57,"column":29},"end":{"line":60,"column":1}},"line":57}},"branchMap":{},"s":{"0":2,"1":2,"2":2,"3":2,"4":104,"5":13,"6":2,"7":1,"8":2,"9":1,"10":1,"11":2,"12":3,"13":3,"14":3,"15":2,"16":1,"17":1,"18":2,"19":1,"20":1,"21":2,"22":3,"23":3,"24":2},"f":{"0":13,"1":104,"2":1,"3":1,"4":3,"5":1,"6":1,"7":3},"b":{},"inputSourceMap":null,"_coverageSchema":"1a1c01bbd47fc00a2c39e90264f33305004495a9","hash":"5c4dea171f2aae85fa4ce036b8ad3e486a9e5f22"}
,"/Users/lujunsheng/myOwnX/uploadImage/src/index.model.ts": {"path":"/Users/lujunsheng/myOwnX/uploadImage/src/index.model.ts","statementMap":{"0":{"start":{"line":2,"column":0},"end":{"line":2,"column":62}},"1":{"start":{"line":3,"column":0},"end":{"line":3,"column":53}},"2":{"start":{"line":4,"column":14},"end":{"line":4,"column":34}},"3":{"start":{"line":5,"column":15},"end":{"line":5,"column":32}},"4":{"start":{"line":6,"column":17},"end":{"line":16,"column":1}},"5":{"start":{"line":7,"column":14},"end":{"line":14,"column":5}},"6":{"start":{"line":15,"column":4},"end":{"line":15,"column":13}},"7":{"start":{"line":17,"column":0},"end":{"line":17,"column":28}},"8":{"start":{"line":20,"column":8},"end":{"line":20,"column":16}},"9":{"start":{"line":21,"column":8},"end":{"line":21,"column":54}},"10":{"start":{"line":24,"column":0},"end":{"line":24,"column":44}}},"fnMap":{"0":{"name":"(anonymous_0)","decl":{"start":{"line":6,"column":17},"end":{"line":6,"column":18}},"loc":{"start":{"line":6,"column":27},"end":{"line":16,"column":1}},"line":6},"1":{"name":"(anonymous_1)","decl":{"start":{"line":19,"column":4},"end":{"line":19,"column":5}},"loc":{"start":{"line":19,"column":18},"end":{"line":22,"column":5}},"line":19}},"branchMap":{},"s":{"0":1,"1":1,"2":1,"3":1,"4":1,"5":9,"6":9,"7":1,"8":44,"9":44,"10":1},"f":{"0":9,"1":44},"b":{},"inputSourceMap":null,"_coverageSchema":"1a1c01bbd47fc00a2c39e90264f33305004495a9","hash":"44f76869cf29491a7ff89b1638bbf14e64968d93"}
,"/Users/lujunsheng/myOwnX/uploadImage/src/index.presenter.ts": {"path":"/Users/lujunsheng/myOwnX/uploadImage/src/index.presenter.ts","statementMap":{"0":{"start":{"line":2,"column":0},"end":{"line":2,"column":62}},"1":{"start":{"line":3,"column":0},"end":{"line":3,"column":101}},"2":{"start":{"line":4,"column":16},"end":{"line":4,"column":32}},"3":{"start":{"line":5,"column":14},"end":{"line":5,"column":34}},"4":{"start":{"line":6,"column":22},"end":{"line":6,"column":46}},"5":{"start":{"line":7,"column":30},"end":{"line":7,"column":62}},"6":{"start":{"line":8,"column":25},"end":{"line":8,"column":52}},"7":{"start":{"line":9,"column":0},"end":{"line":9,"column":60}},"8":{"start":{"line":10,"column":0},"end":{"line":10,"column":50}},"9":{"start":{"line":11,"column":27},"end":{"line":135,"column":1}},"10":{"start":{"line":13,"column":8},"end":{"line":13,"column":16}},"11":{"start":{"line":14,"column":8},"end":{"line":14,"column":27}},"12":{"start":{"line":15,"column":8},"end":{"line":15,"column":53}},"13":{"start":{"line":16,"column":8},"end":{"line":16,"column":43}},"14":{"start":{"line":33,"column":8},"end":{"line":35,"column":11}},"15":{"start":{"line":34,"column":12},"end":{"line":34,"column":29}},"16":{"start":{"line":38,"column":8},"end":{"line":40,"column":11}},"17":{"start":{"line":39,"column":12},"end":{"line":39,"column":30}},"18":{"start":{"line":47,"column":8},"end":{"line":72,"column":9}},"19":{"start":{"line":48,"column":12},"end":{"line":60,"column":13}},"20":{"start":{"line":51,"column":16},"end":{"line":59,"column":19}},"21":{"start":{"line":54,"column":20},"end":{"line":58,"column":23}},"22":{"start":{"line":55,"column":24},"end":{"line":55,"column":58}},"23":{"start":{"line":57,"column":24},"end":{"line":57,"column":61}},"24":{"start":{"line":61,"column":12},"end":{"line":61,"column":66}},"25":{"start":{"line":65,"column":12},"end":{"line":71,"column":15}},"26":{"start":{"line":68,"column":16},"end":{"line":70,"column":19}},"27":{"start":{"line":69,"column":20},"end":{"line":69,"column":102}},"28":{"start":{"line":69,"column":69},"end":{"line":69,"column":99}},"29":{"start":{"line":82,"column":18},"end":{"line":82,"column":84}},"30":{"start":{"line":83,"column":21},"end":{"line":83,"column":43}},"31":{"start":{"line":84,"column":8},"end":{"line":86,"column":9}},"32":{"start":{"line":85,"column":12},"end":{"line":85,"column":68}},"33":{"start":{"line":87,"column":8},"end":{"line":108,"column":9}},"34":{"start":{"line":88,"column":12},"end":{"line":88,"column":31}},"35":{"start":{"line":89,"column":12},"end":{"line":107,"column":15}},"36":{"start":{"line":92,"column":16},"end":{"line":97,"column":19}},"37":{"start":{"line":93,"column":20},"end":{"line":93,"column":48}},"38":{"start":{"line":94,"column":20},"end":{"line":94,"column":50}},"39":{"start":{"line":95,"column":20},"end":{"line":95,"column":58}},"40":{"start":{"line":96,"column":20},"end":{"line":96,"column":56}},"41":{"start":{"line":100,"column":16},"end":{"line":102,"column":19}},"42":{"start":{"line":101,"column":20},"end":{"line":101,"column":52}},"43":{"start":{"line":103,"column":16},"end":{"line":103,"column":24}},"44":{"start":{"line":106,"column":16},"end":{"line":106,"column":35}},"45":{"start":{"line":110,"column":8},"end":{"line":110,"column":37}},"46":{"start":{"line":117,"column":8},"end":{"line":119,"column":11}},"47":{"start":{"line":118,"column":12},"end":{"line":118,"column":40}},"48":{"start":{"line":125,"column":8},"end":{"line":128,"column":11}},"49":{"start":{"line":126,"column":12},"end":{"line":126,"column":37}},"50":{"start":{"line":127,"column":12},"end":{"line":127,"column":36}},"51":{"start":{"line":131,"column":8},"end":{"line":133,"column":11}},"52":{"start":{"line":132,"column":12},"end":{"line":132,"column":90}},"53":{"start":{"line":136,"column":0},"end":{"line":143,"column":25}},"54":{"start":{"line":144,"column":0},"end":{"line":144,"column":52}}},"fnMap":{"0":{"name":"(anonymous_0)","decl":{"start":{"line":12,"column":4},"end":{"line":12,"column":5}},"loc":{"start":{"line":12,"column":58},"end":{"line":17,"column":5}},"line":12},"1":{"name":"(anonymous_1)","decl":{"start":{"line":32,"column":4},"end":{"line":32,"column":5}},"loc":{"start":{"line":32,"column":18},"end":{"line":36,"column":5}},"line":32},"2":{"name":"(anonymous_2)","decl":{"start":{"line":33,"column":28},"end":{"line":33,"column":29}},"loc":{"start":{"line":33,"column":35},"end":{"line":35,"column":9}},"line":33},"3":{"name":"(anonymous_3)","decl":{"start":{"line":37,"column":4},"end":{"line":37,"column":5}},"loc":{"start":{"line":37,"column":18},"end":{"line":41,"column":5}},"line":37},"4":{"name":"(anonymous_4)","decl":{"start":{"line":38,"column":28},"end":{"line":38,"column":29}},"loc":{"start":{"line":38,"column":35},"end":{"line":40,"column":9}},"line":38},"5":{"name":"(anonymous_5)","decl":{"start":{"line":46,"column":4},"end":{"line":46,"column":5}},"loc":{"start":{"line":46,"column":23},"end":{"line":74,"column":5}},"line":46},"6":{"name":"(anonymous_6)","decl":{"start":{"line":53,"column":26},"end":{"line":53,"column":27}},"loc":{"start":{"line":53,"column":37},"end":{"line":59,"column":17}},"line":53},"7":{"name":"(anonymous_7)","decl":{"start":{"line":54,"column":40},"end":{"line":54,"column":41}},"loc":{"start":{"line":54,"column":47},"end":{"line":58,"column":21}},"line":54},"8":{"name":"(anonymous_8)","decl":{"start":{"line":67,"column":22},"end":{"line":67,"column":23}},"loc":{"start":{"line":67,"column":33},"end":{"line":71,"column":13}},"line":67},"9":{"name":"(anonymous_9)","decl":{"start":{"line":68,"column":36},"end":{"line":68,"column":37}},"loc":{"start":{"line":68,"column":43},"end":{"line":70,"column":17}},"line":68},"10":{"name":"(anonymous_10)","decl":{"start":{"line":69,"column":62},"end":{"line":69,"column":63}},"loc":{"start":{"line":69,"column":69},"end":{"line":69,"column":99}},"line":69},"11":{"name":"(anonymous_11)","decl":{"start":{"line":81,"column":4},"end":{"line":81,"column":5}},"loc":{"start":{"line":81,"column":22},"end":{"line":111,"column":5}},"line":81},"12":{"name":"(anonymous_12)","decl":{"start":{"line":91,"column":22},"end":{"line":91,"column":23}},"loc":{"start":{"line":91,"column":31},"end":{"line":98,"column":13}},"line":91},"13":{"name":"(anonymous_13)","decl":{"start":{"line":92,"column":36},"end":{"line":92,"column":37}},"loc":{"start":{"line":92,"column":43},"end":{"line":97,"column":17}},"line":92},"14":{"name":"(anonymous_14)","decl":{"start":{"line":99,"column":23},"end":{"line":99,"column":24}},"loc":{"start":{"line":99,"column":30},"end":{"line":104,"column":13}},"line":99},"15":{"name":"(anonymous_15)","decl":{"start":{"line":100,"column":36},"end":{"line":100,"column":37}},"loc":{"start":{"line":100,"column":43},"end":{"line":102,"column":17}},"line":100},"16":{"name":"(anonymous_16)","decl":{"start":{"line":105,"column":25},"end":{"line":105,"column":26}},"loc":{"start":{"line":105,"column":31},"end":{"line":107,"column":13}},"line":105},"17":{"name":"(anonymous_17)","decl":{"start":{"line":116,"column":4},"end":{"line":116,"column":5}},"loc":{"start":{"line":116,"column":22},"end":{"line":120,"column":5}},"line":116},"18":{"name":"(anonymous_18)","decl":{"start":{"line":117,"column":28},"end":{"line":117,"column":29}},"loc":{"start":{"line":117,"column":35},"end":{"line":119,"column":9}},"line":117},"19":{"name":"(anonymous_19)","decl":{"start":{"line":124,"column":4},"end":{"line":124,"column":5}},"loc":{"start":{"line":124,"column":22},"end":{"line":129,"column":5}},"line":124},"20":{"name":"(anonymous_20)","decl":{"start":{"line":125,"column":60},"end":{"line":125,"column":61}},"loc":{"start":{"line":125,"column":73},"end":{"line":128,"column":9}},"line":125},"21":{"name":"(anonymous_21)","decl":{"start":{"line":130,"column":4},"end":{"line":130,"column":5}},"loc":{"start":{"line":130,"column":31},"end":{"line":134,"column":5}},"line":130},"22":{"name":"(anonymous_22)","decl":{"start":{"line":131,"column":28},"end":{"line":131,"column":29}},"loc":{"start":{"line":131,"column":35},"end":{"line":133,"column":9}},"line":131}},"branchMap":{"0":{"loc":{"start":{"line":47,"column":8},"end":{"line":72,"column":9}},"type":"if","locations":[{"start":{"line":47,"column":8},"end":{"line":72,"column":9}},{"start":{"line":63,"column":13},"end":{"line":72,"column":9}}],"line":47},"1":{"loc":{"start":{"line":48,"column":12},"end":{"line":60,"column":13}},"type":"if","locations":[{"start":{"line":48,"column":12},"end":{"line":60,"column":13}},{"start":{},"end":{}}],"line":48},"2":{"loc":{"start":{"line":82,"column":18},"end":{"line":82,"column":84}},"type":"cond-expr","locations":[{"start":{"line":82,"column":46},"end":{"line":82,"column":51}},{"start":{"line":82,"column":54},"end":{"line":82,"column":84}}],"line":82},"3":{"loc":{"start":{"line":84,"column":8},"end":{"line":86,"column":9}},"type":"if","locations":[{"start":{"line":84,"column":8},"end":{"line":86,"column":9}},{"start":{},"end":{}}],"line":84},"4":{"loc":{"start":{"line":87,"column":8},"end":{"line":108,"column":9}},"type":"if","locations":[{"start":{"line":87,"column":8},"end":{"line":108,"column":9}},{"start":{},"end":{}}],"line":87}},"s":{"0":1,"1":1,"2":1,"3":1,"4":1,"5":1,"6":1,"7":1,"8":1,"9":1,"10":44,"11":44,"12":44,"13":44,"14":8,"15":8,"16":7,"17":7,"18":11,"19":2,"20":1,"21":1,"22":1,"23":1,"24":1,"25":9,"26":9,"27":9,"28":9,"29":9,"30":9,"31":9,"32":1,"33":8,"34":6,"35":6,"36":5,"37":5,"38":5,"39":5,"40":5,"41":1,"42":1,"43":1,"44":6,"45":2,"46":1,"47":1,"48":1,"49":1,"50":1,"51":0,"52":0,"53":1,"54":1},"f":{"0":44,"1":8,"2":8,"3":7,"4":7,"5":11,"6":1,"7":1,"8":9,"9":9,"10":9,"11":9,"12":5,"13":5,"14":1,"15":1,"16":6,"17":1,"18":1,"19":1,"20":1,"21":0,"22":0},"b":{"0":[2,9],"1":[1,1],"2":[5,4],"3":[1,8],"4":[6,2]},"inputSourceMap":null,"_coverageSchema":"1a1c01bbd47fc00a2c39e90264f33305004495a9","hash":"1ea5984bbb8b76a9abfd7c65ef4f2f0fb585404b"}
,"/Users/lujunsheng/myOwnX/uploadImage/src/index.ts": {"path":"/Users/lujunsheng/myOwnX/uploadImage/src/index.ts","statementMap":{"0":{"start":{"line":2,"column":0},"end":{"line":2,"column":62}},"1":{"start":{"line":3,"column":0},"end":{"line":3,"column":264}},"2":{"start":{"line":4,"column":24},"end":{"line":4,"column":52}},"3":{"start":{"line":5,"column":0},"end":{"line":5,"column":146}},"4":{"start":{"line":5,"column":94},"end":{"line":5,"column":140}},"5":{"start":{"line":6,"column":0},"end":{"line":6,"column":142}},"6":{"start":{"line":6,"column":92},"end":{"line":6,"column":136}},"7":{"start":{"line":7,"column":0},"end":{"line":7,"column":152}},"8":{"start":{"line":7,"column":97},"end":{"line":7,"column":146}},"9":{"start":{"line":8,"column":23},"end":{"line":8,"column":50}},"10":{"start":{"line":9,"column":0},"end":{"line":9,"column":137}},"11":{"start":{"line":9,"column":90},"end":{"line":9,"column":131}},"12":{"start":{"line":10,"column":28},"end":{"line":10,"column":60}},"13":{"start":{"line":11,"column":0},"end":{"line":11,"column":152}},"14":{"start":{"line":11,"column":95},"end":{"line":11,"column":146}},"15":{"start":{"line":12,"column":0},"end":{"line":12,"column":170}},"16":{"start":{"line":12,"column":104},"end":{"line":12,"column":164}},"17":{"start":{"line":13,"column":0},"end":{"line":13,"column":138}},"18":{"start":{"line":13,"column":88},"end":{"line":13,"column":132}},"19":{"start":{"line":14,"column":30},"end":{"line":14,"column":64}},"20":{"start":{"line":15,"column":0},"end":{"line":15,"column":166}},"21":{"start":{"line":15,"column":101},"end":{"line":15,"column":160}}},"fnMap":{"0":{"name":"(anonymous_0)","decl":{"start":{"line":5,"column":80},"end":{"line":5,"column":81}},"loc":{"start":{"line":5,"column":92},"end":{"line":5,"column":142}},"line":5},"1":{"name":"(anonymous_1)","decl":{"start":{"line":6,"column":78},"end":{"line":6,"column":79}},"loc":{"start":{"line":6,"column":90},"end":{"line":6,"column":138}},"line":6},"2":{"name":"(anonymous_2)","decl":{"start":{"line":7,"column":83},"end":{"line":7,"column":84}},"loc":{"start":{"line":7,"column":95},"end":{"line":7,"column":148}},"line":7},"3":{"name":"(anonymous_3)","decl":{"start":{"line":9,"column":76},"end":{"line":9,"column":77}},"loc":{"start":{"line":9,"column":88},"end":{"line":9,"column":133}},"line":9},"4":{"name":"(anonymous_4)","decl":{"start":{"line":11,"column":81},"end":{"line":11,"column":82}},"loc":{"start":{"line":11,"column":93},"end":{"line":11,"column":148}},"line":11},"5":{"name":"(anonymous_5)","decl":{"start":{"line":12,"column":90},"end":{"line":12,"column":91}},"loc":{"start":{"line":12,"column":102},"end":{"line":12,"column":166}},"line":12},"6":{"name":"(anonymous_6)","decl":{"start":{"line":13,"column":74},"end":{"line":13,"column":75}},"loc":{"start":{"line":13,"column":86},"end":{"line":13,"column":134}},"line":13},"7":{"name":"(anonymous_7)","decl":{"start":{"line":15,"column":87},"end":{"line":15,"column":88}},"loc":{"start":{"line":15,"column":99},"end":{"line":15,"column":162}},"line":15}},"branchMap":{},"s":{"0":1,"1":1,"2":1,"3":1,"4":44,"5":1,"6":0,"7":1,"8":0,"9":1,"10":1,"11":2,"12":1,"13":1,"14":0,"15":1,"16":0,"17":1,"18":0,"19":1,"20":1,"21":0},"f":{"0":44,"1":0,"2":0,"3":2,"4":0,"5":0,"6":0,"7":0},"b":{},"inputSourceMap":null,"_coverageSchema":"1a1c01bbd47fc00a2c39e90264f33305004495a9","hash":"7a5c6de339c2a3fe96da0b8f6f5069f73a5e0480"}
,"/Users/lujunsheng/myOwnX/uploadImage/src/selectImage.service.ts": {"path":"/Users/lujunsheng/myOwnX/uploadImage/src/selectImage.service.ts","statementMap":{"0":{"start":{"line":2,"column":0},"end":{"line":2,"column":62}},"1":{"start":{"line":3,"column":0},"end":{"line":3,"column":105}},"2":{"start":{"line":5,"column":21},"end":{"line":5,"column":48}},"3":{"start":{"line":11,"column":8},"end":{"line":11,"column":68}},"4":{"start":{"line":14,"column":8},"end":{"line":14,"column":73}},"5":{"start":{"line":14,"column":42},"end":{"line":14,"column":71}},"6":{"start":{"line":17,"column":8},"end":{"line":17,"column":46}},"7":{"start":{"line":20,"column":0},"end":{"line":20,"column":54}},"8":{"start":{"line":23,"column":42},"end":{"line":27,"column":9}},"9":{"start":{"line":28,"column":20},"end":{"line":28,"column":87}},"10":{"start":{"line":29,"column":8},"end":{"line":70,"column":10}},"11":{"start":{"line":30,"column":29},"end":{"line":30,"column":34}},"12":{"start":{"line":31,"column":12},"end":{"line":69,"column":15}},"13":{"start":{"line":32,"column":31},"end":{"line":32,"column":62}},"14":{"start":{"line":33,"column":16},"end":{"line":33,"column":58}},"15":{"start":{"line":34,"column":16},"end":{"line":34,"column":52}},"16":{"start":{"line":35,"column":16},"end":{"line":36,"column":81}},"17":{"start":{"line":37,"column":16},"end":{"line":37,"column":58}},"18":{"start":{"line":38,"column":16},"end":{"line":38,"column":50}},"19":{"start":{"line":39,"column":32},"end":{"line":44,"column":17}},"20":{"start":{"line":40,"column":20},"end":{"line":40,"column":43}},"21":{"start":{"line":42,"column":20},"end":{"line":42,"column":72}},"22":{"start":{"line":43,"column":20},"end":{"line":43,"column":54}},"23":{"start":{"line":45,"column":38},"end":{"line":56,"column":17}},"24":{"start":{"line":46,"column":20},"end":{"line":46,"column":38}},"25":{"start":{"line":47,"column":20},"end":{"line":52,"column":21}},"26":{"start":{"line":48,"column":24},"end":{"line":48,"column":66}},"27":{"start":{"line":49,"column":35},"end":{"line":49,"column":52}},"28":{"start":{"line":50,"column":24},"end":{"line":50,"column":34}},"29":{"start":{"line":51,"column":24},"end":{"line":51,"column":36}},"30":{"start":{"line":54,"column":20},"end":{"line":54,"column":38}},"31":{"start":{"line":55,"column":20},"end":{"line":55,"column":49}},"32":{"start":{"line":57,"column":16},"end":{"line":57,"column":65}},"33":{"start":{"line":59,"column":16},"end":{"line":67,"column":35}},"34":{"start":{"line":60,"column":20},"end":{"line":60,"column":41}},"35":{"start":{"line":61,"column":20},"end":{"line":66,"column":28}},"36":{"start":{"line":62,"column":24},"end":{"line":65,"column":25}},"37":{"start":{"line":63,"column":28},"end":{"line":63,"column":38}},"38":{"start":{"line":64,"column":28},"end":{"line":64,"column":56}},"39":{"start":{"line":68,"column":16},"end":{"line":68,"column":31}},"40":{"start":{"line":73,"column":0},"end":{"line":73,"column":40}},"41":{"start":{"line":74,"column":27},"end":{"line":76,"column":2}},"42":{"start":{"line":82,"column":8},"end":{"line":82,"column":28}},"43":{"start":{"line":83,"column":8},"end":{"line":83,"column":49}},"44":{"start":{"line":83,"column":28},"end":{"line":83,"column":48}},"45":{"start":{"line":86,"column":0},"end":{"line":86,"column":72}}},"fnMap":{"0":{"name":"(anonymous_0)","decl":{"start":{"line":10,"column":4},"end":{"line":10,"column":5}},"loc":{"start":{"line":10,"column":18},"end":{"line":12,"column":5}},"line":10},"1":{"name":"(anonymous_1)","decl":{"start":{"line":13,"column":4},"end":{"line":13,"column":5}},"loc":{"start":{"line":13,"column":31},"end":{"line":15,"column":5}},"line":13},"2":{"name":"(anonymous_2)","decl":{"start":{"line":14,"column":34},"end":{"line":14,"column":35}},"loc":{"start":{"line":14,"column":42},"end":{"line":14,"column":71}},"line":14},"3":{"name":"(anonymous_3)","decl":{"start":{"line":16,"column":4},"end":{"line":16,"column":5}},"loc":{"start":{"line":16,"column":30},"end":{"line":18,"column":5}},"line":16},"4":{"name":"(anonymous_4)","decl":{"start":{"line":22,"column":4},"end":{"line":22,"column":5}},"loc":{"start":{"line":22,"column":43},"end":{"line":71,"column":5}},"line":22},"5":{"name":"(anonymous_5)","decl":{"start":{"line":29,"column":15},"end":{"line":29,"column":16}},"loc":{"start":{"line":29,"column":21},"end":{"line":70,"column":9}},"line":29},"6":{"name":"(anonymous_6)","decl":{"start":{"line":31,"column":31},"end":{"line":31,"column":32}},"loc":{"start":{"line":31,"column":52},"end":{"line":69,"column":13}},"line":31},"7":{"name":"(anonymous_7)","decl":{"start":{"line":39,"column":32},"end":{"line":39,"column":33}},"loc":{"start":{"line":39,"column":38},"end":{"line":44,"column":17}},"line":39},"8":{"name":"(anonymous_8)","decl":{"start":{"line":45,"column":38},"end":{"line":45,"column":39}},"loc":{"start":{"line":45,"column":44},"end":{"line":56,"column":17}},"line":45},"9":{"name":"(anonymous_9)","decl":{"start":{"line":59,"column":49},"end":{"line":59,"column":50}},"loc":{"start":{"line":59,"column":55},"end":{"line":67,"column":17}},"line":59},"10":{"name":"(anonymous_10)","decl":{"start":{"line":61,"column":31},"end":{"line":61,"column":32}},"loc":{"start":{"line":61,"column":37},"end":{"line":66,"column":21}},"line":61},"11":{"name":"(anonymous_11)","decl":{"start":{"line":81,"column":4},"end":{"line":81,"column":5}},"loc":{"start":{"line":81,"column":18},"end":{"line":84,"column":5}},"line":81},"12":{"name":"(anonymous_12)","decl":{"start":{"line":83,"column":22},"end":{"line":83,"column":23}},"loc":{"start":{"line":83,"column":28},"end":{"line":83,"column":48}},"line":83}},"branchMap":{"0":{"loc":{"start":{"line":47,"column":20},"end":{"line":52,"column":21}},"type":"if","locations":[{"start":{"line":47,"column":20},"end":{"line":52,"column":21}},{"start":{},"end":{}}],"line":47},"1":{"loc":{"start":{"line":62,"column":24},"end":{"line":65,"column":25}},"type":"if","locations":[{"start":{"line":62,"column":24},"end":{"line":65,"column":25}},{"start":{},"end":{}}],"line":62},"2":{"loc":{"start":{"line":62,"column":28},"end":{"line":62,"column":49}},"type":"binary-expr","locations":[{"start":{"line":62,"column":28},"end":{"line":62,"column":39}},{"start":{"line":62,"column":43},"end":{"line":62,"column":49}}],"line":62}},"s":{"0":1,"1":1,"2":1,"3":44,"4":10,"5":10,"6":0,"7":1,"8":1,"9":1,"10":1,"11":0,"12":0,"13":0,"14":0,"15":0,"16":0,"17":0,"18":0,"19":0,"20":0,"21":0,"22":0,"23":0,"24":0,"25":0,"26":0,"27":0,"28":0,"29":0,"30":0,"31":0,"32":0,"33":0,"34":0,"35":0,"36":0,"37":0,"38":0,"39":0,"40":1,"41":1,"42":0,"43":0,"44":0,"45":1},"f":{"0":44,"1":10,"2":10,"3":0,"4":1,"5":0,"6":0,"7":0,"8":0,"9":0,"10":0,"11":0,"12":0},"b":{"0":[0,0],"1":[0,0],"2":[0,0]},"inputSourceMap":null,"_coverageSchema":"1a1c01bbd47fc00a2c39e90264f33305004495a9","hash":"d7aedb0ace6f1553f0b73ad6d32a76faa036f140"}
,"/Users/lujunsheng/myOwnX/uploadImage/src/selectImageMiddleware.ts": {"path":"/Users/lujunsheng/myOwnX/uploadImage/src/selectImageMiddleware.ts","statementMap":{"0":{"start":{"line":2,"column":0},"end":{"line":2,"column":62}},"1":{"start":{"line":3,"column":0},"end":{"line":3,"column":82}},"2":{"start":{"line":4,"column":16},"end":{"line":4,"column":32}},"3":{"start":{"line":7,"column":8},"end":{"line":7,"column":23}},"4":{"start":{"line":8,"column":8},"end":{"line":8,"column":31}},"5":{"start":{"line":9,"column":8},"end":{"line":9,"column":25}},"6":{"start":{"line":12,"column":0},"end":{"line":12,"column":64}},"7":{"start":{"line":13,"column":26},"end":{"line":13,"column":56}},"8":{"start":{"line":23,"column":8},"end":{"line":37,"column":11}},"9":{"start":{"line":23,"column":34},"end":{"line":37,"column":10}},"10":{"start":{"line":24,"column":12},"end":{"line":35,"column":17}},"11":{"start":{"line":24,"column":52},"end":{"line":35,"column":14}},"12":{"start":{"line":25,"column":16},"end":{"line":33,"column":17}},"13":{"start":{"line":26,"column":37},"end":{"line":26,"column":48}},"14":{"start":{"line":27,"column":20},"end":{"line":29,"column":21}},"15":{"start":{"line":28,"column":24},"end":{"line":28,"column":48}},"16":{"start":{"line":32,"column":20},"end":{"line":32,"column":51}},"17":{"start":{"line":34,"column":16},"end":{"line":34,"column":30}},"18":{"start":{"line":36,"column":12},"end":{"line":36,"column":25}},"19":{"start":{"line":40,"column":0},"end":{"line":40,"column":66}}},"fnMap":{"0":{"name":"(anonymous_0)","decl":{"start":{"line":6,"column":4},"end":{"line":6,"column":5}},"loc":{"start":{"line":6,"column":31},"end":{"line":10,"column":5}},"line":6},"1":{"name":"(anonymous_1)","decl":{"start":{"line":22,"column":4},"end":{"line":22,"column":5}},"loc":{"start":{"line":22,"column":30},"end":{"line":38,"column":5}},"line":22},"2":{"name":"(anonymous_2)","decl":{"start":{"line":23,"column":15},"end":{"line":23,"column":16}},"loc":{"start":{"line":23,"column":34},"end":{"line":37,"column":10}},"line":23},"3":{"name":"(anonymous_3)","decl":{"start":{"line":23,"column":79},"end":{"line":23,"column":80}},"loc":{"start":{"line":23,"column":92},"end":{"line":37,"column":9}},"line":23},"4":{"name":"(anonymous_4)","decl":{"start":{"line":24,"column":42},"end":{"line":24,"column":43}},"loc":{"start":{"line":24,"column":52},"end":{"line":35,"column":14}},"line":24},"5":{"name":"(anonymous_5)","decl":{"start":{"line":24,"column":64},"end":{"line":24,"column":65}},"loc":{"start":{"line":24,"column":85},"end":{"line":35,"column":13}},"line":24}},"branchMap":{"0":{"loc":{"start":{"line":25,"column":16},"end":{"line":33,"column":17}},"type":"if","locations":[{"start":{"line":25,"column":16},"end":{"line":33,"column":17}},{"start":{"line":31,"column":21},"end":{"line":33,"column":17}}],"line":25},"1":{"loc":{"start":{"line":25,"column":20},"end":{"line":25,"column":81}},"type":"cond-expr","locations":[{"start":{"line":25,"column":61},"end":{"line":25,"column":67}},{"start":{"line":25,"column":70},"end":{"line":25,"column":81}}],"line":25},"2":{"loc":{"start":{"line":25,"column":20},"end":{"line":25,"column":58}},"type":"binary-expr","locations":[{"start":{"line":25,"column":20},"end":{"line":25,"column":36}},{"start":{"line":25,"column":40},"end":{"line":25,"column":58}}],"line":25},"3":{"loc":{"start":{"line":27,"column":20},"end":{"line":29,"column":21}},"type":"if","locations":[{"start":{"line":27,"column":20},"end":{"line":29,"column":21}},{"start":{},"end":{}}],"line":27}},"s":{"0":2,"1":2,"2":2,"3":0,"4":0,"5":0,"6":2,"7":2,"8":2,"9":2,"10":2,"11":2,"12":2,"13":2,"14":2,"15":1,"16":0,"17":1,"18":1,"19":2},"f":{"0":0,"1":2,"2":2,"3":2,"4":2,"5":2},"b":{"0":[2,0],"1":[0,2],"2":[2,2],"3":[1,1]},"inputSourceMap":null,"_coverageSchema":"1a1c01bbd47fc00a2c39e90264f33305004495a9","hash":"3b6073b9c6292385e16cf93b96bfaa2af532f075"}
,"/Users/lujunsheng/myOwnX/uploadImage/src/upload.service.ts": {"path":"/Users/lujunsheng/myOwnX/uploadImage/src/upload.service.ts","statementMap":{"0":{"start":{"line":2,"column":0},"end":{"line":2,"column":62}},"1":{"start":{"line":3,"column":0},"end":{"line":3,"column":34}},"2":{"start":{"line":6,"column":0},"end":{"line":6,"column":44}}},"fnMap":{},"branchMap":{},"s":{"0":1,"1":1,"2":1},"f":{},"b":{},"inputSourceMap":null,"_coverageSchema":"1a1c01bbd47fc00a2c39e90264f33305004495a9","hash":"32a3b306b4f9b9b8d6f3f60369554a5cbad4af01"}
}
