TN:
SF:src/help.ts
FN:7,uniqueID
FN:8,chr4
FN:18,getFileExtByFileType
FN:26,getBase64Ext
FN:31,filename
FN:37,filenameWithFile
FN:42,filenameWithImgPath
FN:52,extBySpiltDot
FNF:8
FNH:2
FNDA:9,uniqueID
FNDA:72,chr4
FNDA:0,getFileExtByFileType
FNDA:0,getBase64Ext
FNDA:0,filename
FNDA:0,filenameWithFile
FNDA:0,filenameWithImgPath
FNDA:0,extBySpiltDot
DA:2,1
DA:3,1
DA:4,1
DA:6,1
DA:9,72
DA:11,9
DA:13,1
DA:19,0
DA:21,1
DA:27,0
DA:28,0
DA:30,1
DA:32,0
DA:33,0
DA:34,0
DA:36,1
DA:38,0
DA:39,0
DA:41,1
DA:43,0
DA:44,0
DA:46,1
DA:53,0
DA:54,0
DA:56,1
LF:25
LH:13
BRF:0
BRH:0
end_of_record
TN:
SF:src/index.model.ts
FN:6,(anonymous_0)
FN:19,(anonymous_1)
FNF:2
FNH:2
FNDA:9,(anonymous_0)
FNDA:44,(anonymous_1)
DA:2,1
DA:3,1
DA:4,1
DA:5,1
DA:6,1
DA:7,9
DA:15,9
DA:17,1
DA:20,44
DA:21,44
DA:24,1
LF:11
LH:11
BRF:0
BRH:0
end_of_record
TN:
SF:src/index.presenter.ts
FN:12,(anonymous_0)
FN:32,(anonymous_1)
FN:33,(anonymous_2)
FN:37,(anonymous_3)
FN:38,(anonymous_4)
FN:46,(anonymous_5)
FN:53,(anonymous_6)
FN:54,(anonymous_7)
FN:67,(anonymous_8)
FN:68,(anonymous_9)
FN:69,(anonymous_10)
FN:81,(anonymous_11)
FN:91,(anonymous_12)
FN:92,(anonymous_13)
FN:99,(anonymous_14)
FN:100,(anonymous_15)
FN:105,(anonymous_16)
FN:116,(anonymous_17)
FN:117,(anonymous_18)
FN:124,(anonymous_19)
FN:125,(anonymous_20)
FNF:21
FNH:21
FNDA:44,(anonymous_0)
FNDA:8,(anonymous_1)
FNDA:8,(anonymous_2)
FNDA:7,(anonymous_3)
FNDA:7,(anonymous_4)
FNDA:11,(anonymous_5)
FNDA:1,(anonymous_6)
FNDA:1,(anonymous_7)
FNDA:9,(anonymous_8)
FNDA:9,(anonymous_9)
FNDA:9,(anonymous_10)
FNDA:9,(anonymous_11)
FNDA:5,(anonymous_12)
FNDA:5,(anonymous_13)
FNDA:1,(anonymous_14)
FNDA:1,(anonymous_15)
FNDA:6,(anonymous_16)
FNDA:1,(anonymous_17)
FNDA:1,(anonymous_18)
FNDA:1,(anonymous_19)
FNDA:1,(anonymous_20)
DA:2,1
DA:3,1
DA:4,1
DA:5,1
DA:6,1
DA:7,1
DA:8,1
DA:9,1
DA:10,1
DA:11,1
DA:13,44
DA:14,44
DA:15,44
DA:16,44
DA:33,8
DA:34,8
DA:38,7
DA:39,7
DA:47,11
DA:48,2
DA:51,1
DA:54,1
DA:55,1
DA:57,1
DA:61,1
DA:65,9
DA:68,9
DA:69,9
DA:82,9
DA:83,9
DA:84,9
DA:85,1
DA:87,8
DA:88,6
DA:89,6
DA:92,5
DA:93,5
DA:94,5
DA:95,5
DA:96,5
DA:100,1
DA:101,1
DA:103,1
DA:106,6
DA:110,2
DA:117,1
DA:118,1
DA:125,1
DA:126,1
DA:127,1
DA:131,1
DA:139,1
LF:52
LH:52
BRDA:47,0,0,2
BRDA:47,0,1,9
BRDA:48,1,0,1
BRDA:48,1,1,1
BRDA:82,2,0,5
BRDA:82,2,1,4
BRDA:84,3,0,1
BRDA:84,3,1,8
BRDA:87,4,0,6
BRDA:87,4,1,2
BRF:10
BRH:10
end_of_record
TN:
SF:src/index.ts
FN:5,(anonymous_0)
FN:6,(anonymous_1)
FN:7,(anonymous_2)
FN:9,(anonymous_3)
FN:11,(anonymous_4)
FN:12,(anonymous_5)
FN:13,(anonymous_6)
FN:14,(anonymous_7)
FNF:8
FNH:2
FNDA:44,(anonymous_0)
FNDA:0,(anonymous_1)
FNDA:0,(anonymous_2)
FNDA:2,(anonymous_3)
FNDA:0,(anonymous_4)
FNDA:0,(anonymous_5)
FNDA:0,(anonymous_6)
FNDA:0,(anonymous_7)
DA:2,1
DA:3,1
DA:4,1
DA:5,44
DA:6,1
DA:7,1
DA:8,1
DA:9,2
DA:10,1
DA:11,1
DA:12,1
DA:13,1
DA:14,1
LF:13
LH:13
BRF:0
BRH:0
end_of_record
TN:
SF:src/selectImage.service.ts
FN:10,(anonymous_0)
FN:13,(anonymous_1)
FN:14,(anonymous_2)
FN:16,(anonymous_3)
FN:22,(anonymous_4)
FN:29,(anonymous_5)
FN:31,(anonymous_6)
FN:39,(anonymous_7)
FN:45,(anonymous_8)
FN:59,(anonymous_9)
FN:61,(anonymous_10)
FN:86,(anonymous_11)
FN:87,(anonymous_12)
FN:88,(anonymous_13)
FN:107,(anonymous_14)
FN:109,(anonymous_15)
FNF:16
FNH:5
FNDA:44,(anonymous_0)
FNDA:10,(anonymous_1)
FNDA:10,(anonymous_2)
FNDA:0,(anonymous_3)
FNDA:1,(anonymous_4)
FNDA:0,(anonymous_5)
FNDA:0,(anonymous_6)
FNDA:0,(anonymous_7)
FNDA:0,(anonymous_8)
FNDA:0,(anonymous_9)
FNDA:0,(anonymous_10)
FNDA:1,(anonymous_11)
FNDA:0,(anonymous_12)
FNDA:0,(anonymous_13)
FNDA:0,(anonymous_14)
FNDA:0,(anonymous_15)
DA:2,1
DA:3,1
DA:5,1
DA:11,44
DA:14,10
DA:17,0
DA:20,1
DA:23,1
DA:28,1
DA:29,1
DA:30,0
DA:31,0
DA:32,0
DA:33,0
DA:34,0
DA:35,0
DA:37,0
DA:38,0
DA:39,0
DA:40,0
DA:42,0
DA:43,0
DA:45,0
DA:46,0
DA:47,0
DA:48,0
DA:49,0
DA:50,0
DA:51,0
DA:54,0
DA:55,0
DA:57,0
DA:59,0
DA:60,0
DA:61,0
DA:62,0
DA:63,0
DA:64,0
DA:68,0
DA:73,1
DA:74,1
DA:87,1
DA:88,0
DA:89,0
DA:90,0
DA:93,0
DA:98,1
DA:100,1
DA:108,0
DA:109,0
DA:112,1
LF:51
LH:15
BRDA:47,0,0,0
BRDA:47,0,1,0
BRDA:62,1,0,0
BRDA:62,1,1,0
BRDA:62,2,0,0
BRDA:62,2,1,0
BRDA:89,3,0,0
BRDA:89,3,1,0
BRF:8
BRH:0
end_of_record
TN:
SF:src/upload.service.ts
FNF:0
FNH:0
DA:2,1
DA:3,1
DA:6,1
LF:3
LH:3
BRF:0
BRH:0
end_of_record
