TN:
SF:src/help.ts
FN:7,uniqueID
FN:8,chr4
FN:18,getFileExtByFileType
FN:26,getBase64Ext
FN:36,formatFilename
FN:42,formatFilenameWithFile
FN:47,formatFilenameWithImgPath
FN:57,extBySpiltDot
FNF:8
FNH:8
FNDA:13,uniqueID
FNDA:104,chr4
FNDA:1,getFileExtByFileType
FNDA:1,getBase64Ext
FNDA:3,formatFilename
FNDA:1,formatFilenameWithFile
FNDA:1,formatFilenameWithImgPath
FNDA:3,extBySpiltDot
DA:2,2
DA:3,2
DA:4,2
DA:6,2
DA:9,104
DA:11,13
DA:13,2
DA:19,1
DA:21,2
DA:27,1
DA:28,1
DA:30,2
DA:37,3
DA:38,3
DA:39,3
DA:41,2
DA:43,1
DA:44,1
DA:46,2
DA:48,1
DA:49,1
DA:51,2
DA:58,3
DA:59,3
DA:61,2
LF:25
LH:25
BRF:0
BRH:0
end_of_record
TN:
SF:src/index.presenter.ts
FN:11,(anonymous_0)
FN:24,(anonymous_1)
FN:30,(anonymous_2)
FN:31,(anonymous_3)
FN:35,(anonymous_4)
FN:36,(anonymous_5)
FN:44,(anonymous_6)
FN:51,(anonymous_7)
FN:52,(anonymous_8)
FN:65,(anonymous_9)
FN:66,(anonymous_10)
FN:67,(anonymous_11)
FN:79,(anonymous_12)
FN:89,(anonymous_13)
FN:90,(anonymous_14)
FN:97,(anonymous_15)
FN:98,(anonymous_16)
FN:103,(anonymous_17)
FN:114,(anonymous_18)
FN:115,(anonymous_19)
FN:122,(anonymous_20)
FN:123,(anonymous_21)
FN:128,(anonymous_22)
FN:129,(anonymous_23)
FNF:24
FNH:22
FNDA:9,(anonymous_0)
FNDA:44,(anonymous_1)
FNDA:8,(anonymous_2)
FNDA:8,(anonymous_3)
FNDA:7,(anonymous_4)
FNDA:7,(anonymous_5)
FNDA:11,(anonymous_6)
FNDA:1,(anonymous_7)
FNDA:1,(anonymous_8)
FNDA:9,(anonymous_9)
FNDA:9,(anonymous_10)
FNDA:9,(anonymous_11)
FNDA:9,(anonymous_12)
FNDA:5,(anonymous_13)
FNDA:5,(anonymous_14)
FNDA:1,(anonymous_15)
FNDA:1,(anonymous_16)
FNDA:6,(anonymous_17)
FNDA:1,(anonymous_18)
FNDA:1,(anonymous_19)
FNDA:1,(anonymous_20)
FNDA:1,(anonymous_21)
FNDA:0,(anonymous_22)
FNDA:0,(anonymous_23)
DA:2,1
DA:3,1
DA:4,1
DA:5,1
DA:6,1
DA:7,1
DA:8,1
DA:9,1
DA:10,1
DA:11,1
DA:12,9
DA:20,9
DA:22,1
DA:23,1
DA:25,44
DA:26,44
DA:27,44
DA:28,44
DA:31,8
DA:32,8
DA:36,7
DA:37,7
DA:45,11
DA:46,2
DA:49,1
DA:52,1
DA:53,1
DA:55,1
DA:59,1
DA:63,9
DA:66,9
DA:67,9
DA:80,9
DA:81,9
DA:82,9
DA:83,1
DA:85,8
DA:86,6
DA:87,6
DA:90,5
DA:91,5
DA:92,5
DA:93,5
DA:94,5
DA:98,1
DA:99,1
DA:101,1
DA:104,6
DA:108,2
DA:115,1
DA:116,1
DA:123,1
DA:124,1
DA:125,1
DA:129,0
DA:130,0
DA:134,1
DA:141,1
LF:58
LH:56
BRDA:45,0,0,2
BRDA:45,0,1,9
BRDA:46,1,0,1
BRDA:46,1,1,1
BRDA:80,2,0,5
BRDA:80,2,1,4
BRDA:82,3,0,1
BRDA:82,3,1,8
BRDA:85,4,0,6
BRDA:85,4,1,2
BRF:10
BRH:10
end_of_record
TN:
SF:src/index.ts
FN:6,(anonymous_0)
FN:7,(anonymous_1)
FN:8,(anonymous_2)
FN:10,(anonymous_3)
FN:12,(anonymous_4)
FN:13,(anonymous_5)
FN:14,(anonymous_6)
FN:16,(anonymous_7)
FNF:8
FNH:2
FNDA:44,(anonymous_0)
FNDA:0,(anonymous_1)
FNDA:0,(anonymous_2)
FNDA:2,(anonymous_3)
FNDA:0,(anonymous_4)
FNDA:0,(anonymous_5)
FNDA:0,(anonymous_6)
FNDA:0,(anonymous_7)
DA:2,1
DA:3,1
DA:4,1
DA:5,1
DA:6,44
DA:7,1
DA:8,1
DA:9,1
DA:10,2
DA:11,1
DA:12,1
DA:13,1
DA:14,1
DA:15,1
DA:16,1
DA:17,1
LF:16
LH:16
BRF:0
BRH:0
end_of_record
TN:
SF:src/selectImage.service.ts
FN:10,(anonymous_0)
FN:13,(anonymous_1)
FN:14,(anonymous_2)
FN:16,(anonymous_3)
FN:22,(anonymous_4)
FN:29,(anonymous_5)
FN:31,(anonymous_6)
FN:39,(anonymous_7)
FN:44,(anonymous_8)
FN:56,(anonymous_9)
FN:57,(anonymous_10)
FN:78,(anonymous_11)
FN:80,(anonymous_12)
FNF:13
FNH:4
FNDA:44,(anonymous_0)
FNDA:10,(anonymous_1)
FNDA:10,(anonymous_2)
FNDA:0,(anonymous_3)
FNDA:1,(anonymous_4)
FNDA:0,(anonymous_5)
FNDA:0,(anonymous_6)
FNDA:0,(anonymous_7)
FNDA:0,(anonymous_8)
FNDA:0,(anonymous_9)
FNDA:0,(anonymous_10)
FNDA:0,(anonymous_11)
FNDA:0,(anonymous_12)
DA:2,1
DA:3,1
DA:5,1
DA:11,44
DA:14,10
DA:17,0
DA:20,1
DA:23,1
DA:28,1
DA:29,1
DA:30,0
DA:31,0
DA:32,0
DA:33,0
DA:34,0
DA:35,0
DA:37,0
DA:38,0
DA:39,0
DA:41,0
DA:42,0
DA:44,0
DA:45,0
DA:46,0
DA:47,0
DA:48,0
DA:49,0
DA:52,0
DA:54,0
DA:56,0
DA:57,0
DA:58,0
DA:59,0
DA:60,0
DA:64,0
DA:65,0
DA:70,1
DA:71,1
DA:79,0
DA:80,0
DA:83,1
LF:41
LH:12
BRDA:46,0,0,0
BRDA:46,0,1,0
BRDA:58,1,0,0
BRDA:58,1,1,0
BRDA:58,2,0,0
BRDA:58,2,1,0
BRF:6
BRH:0
end_of_record
TN:
SF:src/selectImageMiddleware.ts
FN:6,(anonymous_0)
FN:25,(anonymous_1)
FN:26,(anonymous_2)
FN:26,(anonymous_3)
FN:27,(anonymous_4)
FN:27,(anonymous_5)
FN:45,(anonymous_6)
FN:46,(anonymous_7)
FN:46,(anonymous_8)
FN:47,(anonymous_9)
FN:47,(anonymous_10)
FN:60,(anonymous_11)
FN:67,(anonymous_12)
FN:87,(anonymous_13)
FNF:14
FNH:10
FNDA:0,(anonymous_0)
FNDA:2,(anonymous_1)
FNDA:2,(anonymous_2)
FNDA:2,(anonymous_3)
FNDA:2,(anonymous_4)
FNDA:2,(anonymous_5)
FNDA:1,(anonymous_6)
FNDA:1,(anonymous_7)
FNDA:1,(anonymous_8)
FNDA:1,(anonymous_9)
FNDA:1,(anonymous_10)
FNDA:0,(anonymous_11)
FNDA:0,(anonymous_12)
FNDA:0,(anonymous_13)
DA:2,2
DA:3,2
DA:4,2
DA:7,0
DA:8,0
DA:9,0
DA:12,2
DA:13,2
DA:14,2
DA:15,2
DA:16,2
DA:26,2
DA:27,2
DA:28,2
DA:29,2
DA:30,2
DA:31,1
DA:35,0
DA:37,1
DA:39,1
DA:46,1
DA:47,1
DA:49,1
DA:50,0
DA:53,1
DA:54,1
DA:55,0
DA:57,1
DA:58,1
DA:59,1
DA:60,1
DA:61,0
DA:62,0
DA:64,0
DA:65,0
DA:66,0
DA:67,0
DA:68,0
DA:69,0
DA:70,0
DA:71,0
DA:72,0
DA:75,0
DA:76,0
DA:77,0
DA:80,0
DA:81,0
DA:82,0
DA:85,0
DA:87,0
DA:88,0
DA:89,0
DA:93,0
DA:98,0
DA:102,0
DA:106,2
LF:56
LH:26
BRDA:28,0,0,2
BRDA:28,0,1,0
BRDA:28,1,0,0
BRDA:28,1,1,2
BRDA:28,2,0,2
BRDA:28,2,1,2
BRDA:30,3,0,1
BRDA:30,3,1,1
BRDA:49,4,0,0
BRDA:49,4,1,1
BRDA:54,5,0,0
BRDA:54,5,1,1
BRDA:54,6,0,1
BRDA:54,6,1,1
BRDA:57,7,0,1
BRDA:57,7,1,0
BRDA:57,8,0,1
BRDA:57,8,1,0
BRDA:57,8,2,0
BRDA:61,9,0,0
BRDA:61,9,1,0
BRDA:64,10,0,0
BRDA:64,10,1,0
BRDA:70,11,0,0
BRDA:70,11,1,0
BRDA:71,12,0,0
BRDA:71,12,1,0
BRDA:75,13,0,0
BRDA:75,13,1,0
BRDA:76,14,0,0
BRDA:76,14,1,0
BRDA:80,15,0,0
BRDA:80,15,1,0
BRDA:81,16,0,0
BRDA:81,16,1,0
BRF:35
BRH:12
end_of_record
TN:
SF:src/upload.service.ts
FNF:0
FNH:0
DA:2,1
DA:3,1
DA:6,1
LF:3
LH:3
BRF:0
BRH:0
end_of_record
